<?xml version="1.0" encoding="UTF-8"?>
<coverage generated="1736829218285" clover="3.2.0">
  <project timestamp="1736829218285" name="All files">
    <metrics statements="28" coveredstatements="27" conditionals="6" coveredconditionals="3" methods="7" coveredmethods="7" elements="41" coveredelements="37" complexity="0" loc="28" ncloc="28" packages="1" files="5" classes="5"/>
    <file name="config.js" path="C:\Users\USER\Documents\백업\내꺼\Code\testtesttest\src\config.js">
      <metrics statements="6" coveredstatements="6" conditionals="2" coveredconditionals="1" methods="1" coveredmethods="1"/>
      <line num="1" count="3" type="stmt"/>
      <line num="4" count="3" type="stmt"/>
      <line num="13" count="3" type="stmt"/>
      <line num="14" count="3" type="stmt"/>
      <line num="15" count="3" type="cond" truecount="1" falsecount="1"/>
      <line num="18" count="3" type="stmt"/>
    </file>
    <file name="formatter.js" path="C:\Users\USER\Documents\백업\내꺼\Code\testtesttest\src\formatter.js">
      <metrics statements="8" coveredstatements="7" conditionals="4" coveredconditionals="2" methods="3" coveredmethods="3"/>
      <line num="1" count="3" type="stmt"/>
      <line num="5" count="3" type="stmt"/>
      <line num="6" count="3" type="stmt"/>
      <line num="7" count="3" type="stmt"/>
      <line num="13" count="3" type="stmt"/>
      <line num="14" count="2" type="cond" truecount="2" falsecount="2"/>
      <line num="15" count="0" type="stmt"/>
      <line num="20" count="3" type="stmt"/>
    </file>
    <file name="generator.js" path="C:\Users\USER\Documents\백업\내꺼\Code\testtesttest\src\generator.js">
      <metrics statements="3" coveredstatements="3" conditionals="0" coveredconditionals="0" methods="1" coveredmethods="1"/>
      <line num="1" count="1" type="stmt"/>
      <line num="4" count="1" type="stmt"/>
      <line num="10" count="1" type="stmt"/>
    </file>
    <file name="index.js" path="C:\Users\USER\Documents\백업\내꺼\Code\testtesttest\src\index.js">
      <metrics statements="8" coveredstatements="8" conditionals="0" coveredconditionals="0" methods="1" coveredmethods="1"/>
      <line num="1" count="1" type="stmt"/>
      <line num="2" count="1" type="stmt"/>
      <line num="3" count="1" type="stmt"/>
      <line num="6" count="1" type="stmt"/>
      <line num="7" count="1" type="stmt"/>
      <line num="8" count="1" type="stmt"/>
      <line num="9" count="1" type="stmt"/>
      <line num="12" count="1" type="stmt"/>
    </file>
    <file name="parser.js" path="C:\Users\USER\Documents\백업\내꺼\Code\testtesttest\src\parser.js">
      <metrics statements="3" coveredstatements="3" conditionals="0" coveredconditionals="0" methods="1" coveredmethods="1"/>
      <line num="1" count="3" type="stmt"/>
      <line num="4" count="3" type="stmt"/>
      <line num="7" count="3" type="stmt"/>
    </file>
  </project>
</coverage>
