TN:
SF:src\config.js
FN:12,getConfig
FNF:1
FNH:1
FNDA:3,getConfig
DA:1,3
DA:4,3
DA:13,3
DA:14,3
DA:15,3
DA:18,3
LF:6
LH:6
BRDA:15,0,0,3
BRDA:15,0,1,0
BRF:2
BRH:1
end_of_record
TN:
SF:src\formatter.js
FN:3,formatAST
FN:10,traverseAST
FN:13,(anonymous_2)
FNF:3
FNH:3
FNDA:3,formatAST
FNDA:3,traverseAST
FNDA:2,(anonymous_2)
DA:1,3
DA:5,3
DA:6,3
DA:7,3
DA:13,3
DA:14,2
DA:15,0
DA:20,3
LF:8
LH:7
BRDA:14,0,0,0
BRDA:14,0,1,2
BRDA:14,1,0,2
BRDA:14,1,1,0
BRF:4
BRH:2
end_of_record
TN:
SF:src\generator.js
FN:3,generateCode
FNF:1
FNH:1
FNDA:1,generateCode
DA:1,1
DA:4,1
DA:10,1
LF:3
LH:3
BRF:0
BRH:0
end_of_record
TN:
SF:src\index.js
FN:5,prettify
FNF:1
FNH:1
FNDA:1,prettify
DA:1,1
DA:2,1
DA:3,1
DA:6,1
DA:7,1
DA:8,1
DA:9,1
DA:12,1
LF:8
LH:8
BRF:0
BRH:0
end_of_record
TN:
SF:src\parser.js
FN:3,parseCode
FNF:1
FNH:1
FNDA:3,parseCode
DA:1,3
DA:4,3
DA:7,3
LF:3
LH:3
BRF:0
BRH:0
end_of_record
